Jun 12, 2018 7:10:57 PM Server.ServerUDP <init>
INFO: LVL UDP Server Started
Jun 12, 2018 7:11:15 PM Server.ServerUDP <init>
INFO: LVL UDP Server Started
Jun 12, 2018 7:13:28 PM Server.ServerUDP <init>
INFO: LVL UDP Server Started
Jun 12, 2018 7:13:44 PM Server.ServerUDP <init>
INFO: LVL UDP Server Started
Jun 12, 2018 7:32:04 PM Server.ServerUDP <init>
INFO: LVL UDP Server Started
Jun 12, 2018 7:32:16 PM Server.ServerUDP <init>
INFO: LVL UDP Server Started
Jun 12, 2018 7:34:23 PM Server.ServerUDP <init>
INFO: LVL UDP Server Started
Jun 12, 2018 7:38:18 PM Server.ServerUDP <init>
INFO: LVL UDP Server Started
Jun 12, 2018 7:41:38 PM Server.ServerUDP <init>
INFO: LVL UDP Server Started
Jun 12, 2018 7:55:19 PM Server.ServerUDP <init>
INFO: LVL UDP Server Started
Jun 12, 2018 7:55:19 PM Server.ServerUDP <init>
SEVERE: Address already in use: Cannot bind
Jun 12, 2018 7:58:56 PM Server.ServerUDP <init>
INFO: LVL UDP Server Started
Jun 12, 2018 7:58:57 PM Server.ServerUDP <init>
SEVERE: Address already in use: Cannot bind
Jun 13, 2018 12:46:02 PM Server.ServerUDP <init>
INFO: LVL UDP Server Started
Jun 13, 2018 12:46:02 PM Server.ServerUDP <init>
SEVERE: Address already in use: Cannot bind
Jun 13, 2018 3:49:54 PM Server.ServerUDP <init>
INFO: LVL UDP Server Started
Jun 13, 2018 3:49:55 PM Server.ServerUDP <init>
SEVERE: Address already in use: Cannot bind
Jun 13, 2018 3:57:12 PM Server.ServerUDP <init>
INFO: LVL UDP Server Started
Jun 13, 2018 3:57:12 PM Server.ServerUDP <init>
SEVERE: Address already in use: Cannot bind
Jun 13, 2018 4:37:43 PM Server.ServerUDP <init>
INFO: LVL UDP Server Started
Jun 13, 2018 4:37:43 PM Server.ServerUDP <init>
SEVERE: Address already in use: Cannot bind
Jun 13, 2018 11:32:24 PM Server.ServerUDP <init>
INFO: LVL UDP Server Started
Jun 13, 2018 11:32:25 PM Server.ServerUDP <init>
SEVERE: Address already in use: Cannot bind
Jun 15, 2018 1:33:07 AM Server.ServerUDP <init>
INFO: LVL UDP Server Started
Jun 15, 2018 1:33:07 AM Server.ServerUDP <init>
SEVERE: Address already in use: Cannot bind
Jun 15, 2018 1:36:01 AM Server.DcmsServerImpl createTRecord
INFO: Teacher record created TR2 by Manager : MTL0004
Jun 15, 2018 10:25:40 AM Server.ServerUDP <init>
INFO: LVL UDP Server Started
Jun 15, 2018 10:25:40 AM Server.ServerUDP <init>
SEVERE: Address already in use: Cannot bind
Jun 15, 2018 10:43:01 AM Server.ServerUDP <init>
INFO: LVL UDP Server Started
Jun 15, 2018 10:43:02 AM Server.ServerUDP <init>
SEVERE: Address already in use: Cannot bind
Jun 15, 2018 10:55:10 AM Server.ServerUDP <init>
INFO: LVL UDP Server Started
Jun 15, 2018 10:55:10 AM Server.ServerUDP <init>
SEVERE: Address already in use: Cannot bind
Jun 15, 2018 11:06:42 AM Server.ServerUDP <init>
INFO: LVL UDP Server Started
Jun 15, 2018 11:06:42 AM Server.ServerUDP <init>
SEVERE: Address already in use: Cannot bind
Jun 15, 2018 11:46:37 AM Server.ServerUDP <init>
INFO: LVL UDP Server Started
Jun 15, 2018 11:46:37 AM Server.ServerUDP <init>
SEVERE: Address already in use: Cannot bind
Jun 16, 2018 5:17:45 PM Server.ServerUDP <init>
INFO: LVL UDP Server Started
Jun 16, 2018 5:21:44 PM Server.ServerUDP run
INFO: Received GET_RECORD_COUNT from LVL
Jun 16, 2018 5:39:10 PM Server.ServerUDP <init>
INFO: LVL UDP Server Started
Jun 16, 2018 5:41:49 PM Server.ServerUDP <init>
INFO: LVL UDP Server Started
Jun 16, 2018 5:43:19 PM Server.ServerUDP run
INFO: Received GET_RECORD_COUNT from LVL
Jun 16, 2018 5:44:19 PM Server.DcmsServerImpl createTRecord
INFO: Teacher record created TR1 by Manager : LVL1234
Jun 16, 2018 5:44:49 PM Server.DcmsServerImpl createSRecord
INFO: Student record created SR1 by manager : LVL1234
Jun 16, 2018 5:46:25 PM Server.ServerUDP run
INFO: Received GET_RECORD_COUNT from LVL
Jun 16, 2018 5:48:49 PM Server.ServerUDP run
INFO: Received GET_RECORD_COUNT from LVL
Jun 16, 2018 5:49:12 PM Server.ServerUDP run
INFO: Received GET_RECORD_COUNT from LVL
Jun 16, 2018 5:52:03 PM Server.ServerUDP run
INFO: Received GET_RECORD_COUNT from LVL
Jun 16, 2018 5:53:25 PM Server.DcmsServerImpl transferSRRecord
INFO: LVL1234 has initiated the record transfer for the recordID: SR1 operation from localhost to MTL
Jun 16, 2018 5:53:25 PM Server.DcmsServerImpl transferSRRecord
INFO: LVL1234 has tranferred the student Record with recordID SR1 from LVL to MTL with recordID SR2 in MTL
Jun 16, 2018 5:57:12 PM Server.ServerUDP run
INFO: Received GET_RECORD_COUNT from LVL
Jun 16, 2018 5:57:50 PM Server.ServerUDP run
INFO: Received GET_RECORD_COUNT from LVL
Jun 16, 2018 5:58:39 PM Server.DcmsServerImpl transferTRRecord
INFO: LVL1234 has initiated the record transfer for the recordID: TR1 operation from localhost to LVL
Jun 16, 2018 6:01:21 PM Server.ServerUDP <init>
INFO: LVL UDP Server Started
Jun 16, 2018 6:51:09 PM Server.ServerUDP <init>
INFO: LVL UDP Server Started
Jun 16, 2018 7:18:35 PM Server.ServerUDP <init>
INFO: LVL UDP Server Started
Jun 16, 2018 7:31:37 PM Server.ServerUDP <init>
INFO: LVL UDP Server Started
