Jun 16, 2018 5:45:41 PM Client.ClientImp createTRecord
INFO: Initiating T record object creation request
Jun 16, 2018 5:45:41 PM Client.ClientImp createTRecord
INFO: Teacher record is created and assigned with TR1
Jun 16, 2018 5:46:14 PM Client.ClientImp createSRecord
INFO: Initiating S record object creation request
Jun 16, 2018 5:46:14 PM Client.ClientImp createSRecord
INFO: student record is created and assigned with SR1
Jun 16, 2018 5:46:25 PM Client.ClientImp getRecordCounts
INFO: Initiating record count request
Jun 16, 2018 5:46:25 PM Client.ClientImp getRecordCounts
INFO: received....count as follows
Jun 16, 2018 5:46:25 PM Client.ClientImp getRecordCounts
INFO: DDO,2 , MTL,2 , LVL,2
Jun 16, 2018 5:49:12 PM Client.ClientImp getRecordCounts
INFO: Initiating record count request
Jun 16, 2018 5:49:12 PM Client.ClientImp getRecordCounts
INFO: received....count as follows
Jun 16, 2018 5:49:12 PM Client.ClientImp getRecordCounts
INFO: DDO,3 , MTL,1 , LVL,2
Jun 16, 2018 5:49:31 PM Client.ClientImp editRecord
INFO: DDO1234has Initiated the record edit request for TR2
Jun 16, 2018 5:49:31 PM Client.ClientImp editRecord
INFO: Updated record with address :: Ameerpet
Jun 16, 2018 5:52:03 PM Client.ClientImp getRecordCounts
INFO: Initiating record count request
Jun 16, 2018 5:52:03 PM Client.ClientImp getRecordCounts
INFO: received....count as follows
Jun 16, 2018 5:52:03 PM Client.ClientImp getRecordCounts
INFO: DDO,3 , MTL,1 , LVL,2
Jun 16, 2018 5:59:10 PM Client.ClientImp transferRecord
INFO: Initiating the record transfer request
Jun 16, 2018 5:59:10 PM Client.ClientImp transferRecord
INFO: Transfer aborted to same server..Try different server!!
