Jun 12, 2018 7:10:57 PM Server.ServerUDP <init>
INFO: MTL UDP Server Started
Jun 12, 2018 7:11:15 PM Server.ServerUDP <init>
INFO: MTL UDP Server Started
Jun 12, 2018 7:13:28 PM Server.ServerUDP <init>
INFO: MTL UDP Server Started
Jun 12, 2018 7:13:44 PM Server.ServerUDP <init>
INFO: MTL UDP Server Started
Jun 12, 2018 7:20:03 PM Server.ServerUDP <init>
INFO: MTL UDP Server Started
Jun 12, 2018 7:28:16 PM Server.ServerUDP <init>
INFO: MTL UDP Server Started
Jun 12, 2018 7:29:14 PM Server.ServerUDP <init>
INFO: MTL UDP Server Started
Jun 12, 2018 7:29:28 PM Server.ServerUDP <init>
INFO: MTL UDP Server Started
Jun 12, 2018 7:30:05 PM Server.ServerUDP <init>
INFO: MTL UDP Server Started
Jun 12, 2018 7:32:04 PM Server.ServerUDP <init>
INFO: MTL UDP Server Started
Jun 12, 2018 7:32:16 PM Server.ServerUDP <init>
INFO: MTL UDP Server Started
Jun 12, 2018 7:34:23 PM Server.ServerUDP <init>
INFO: MTL UDP Server Started
Jun 12, 2018 7:38:18 PM Server.ServerUDP <init>
INFO: MTL UDP Server Started
Jun 12, 2018 7:41:38 PM Server.ServerUDP <init>
INFO: MTL UDP Server Started
Jun 12, 2018 7:55:18 PM Server.ServerUDP <init>
INFO: MTL UDP Server Started
Jun 12, 2018 7:55:19 PM Server.ServerUDP <init>
SEVERE: Address already in use: Cannot bind
Jun 12, 2018 7:58:56 PM Server.ServerUDP <init>
INFO: MTL UDP Server Started
Jun 12, 2018 7:58:57 PM Server.ServerUDP <init>
SEVERE: Address already in use: Cannot bind
Jun 13, 2018 12:46:02 PM Server.ServerUDP <init>
INFO: MTL UDP Server Started
Jun 13, 2018 12:46:02 PM Server.ServerUDP <init>
SEVERE: Address already in use: Cannot bind
Jun 13, 2018 3:49:54 PM Server.ServerUDP <init>
INFO: MTL UDP Server Started
Jun 13, 2018 3:49:55 PM Server.ServerUDP <init>
SEVERE: Address already in use: Cannot bind
Jun 13, 2018 3:57:12 PM Server.ServerUDP <init>
INFO: MTL UDP Server Started
Jun 13, 2018 3:57:12 PM Server.ServerUDP <init>
SEVERE: Address already in use: Cannot bind
Jun 13, 2018 4:37:43 PM Server.ServerUDP <init>
INFO: MTL UDP Server Started
Jun 13, 2018 4:37:43 PM Server.ServerUDP <init>
SEVERE: Address already in use: Cannot bind
Jun 13, 2018 11:32:24 PM Server.ServerUDP <init>
INFO: MTL UDP Server Started
Jun 13, 2018 11:32:25 PM Server.ServerUDP <init>
SEVERE: Address already in use: Cannot bind
Jun 13, 2018 11:33:24 PM Server.DcmsServerImpl createTRecord
INFO: Teacher record created TR1 by Manager : MTL0004
Jun 15, 2018 1:33:06 AM Server.ServerUDP <init>
INFO: MTL UDP Server Started
Jun 15, 2018 1:33:07 AM Server.ServerUDP <init>
SEVERE: Address already in use: Cannot bind
Jun 15, 2018 1:34:22 AM Server.DcmsServerImpl createTRecord
INFO: Teacher record created TR1 by Manager : MTL0004
Jun 15, 2018 1:36:00 AM Server.DcmsServerImpl transferTRRecord
INFO: MTL0004 has initiated the record transfer for the recordID: TR1 operation from localhost to LVL
Jun 15, 2018 10:25:40 AM Server.ServerUDP <init>
INFO: MTL UDP Server Started
Jun 15, 2018 10:25:40 AM Server.ServerUDP <init>
SEVERE: Address already in use: Cannot bind
Jun 15, 2018 10:26:37 AM Server.DcmsServerImpl createSRecord
INFO: Student record created SR1 by manager : MTL0011
Jun 15, 2018 10:27:17 AM Server.DcmsServerImpl editRecordForCourses
INFO: Record with SR2not found!MTL
Jun 15, 2018 10:30:12 AM Server.DcmsServerImpl createTRecord
INFO: Teacher record created TR1 by Manager : MTL0022
Jun 15, 2018 10:30:51 AM Server.DcmsServerImpl createSRecord
INFO: Student record created SR1 by manager : MTL0022
Jun 15, 2018 10:32:45 AM Server.DcmsServerImpl editRecordForCourses
INFO: MTL0022Updated the records	MTL
Jun 15, 2018 10:43:01 AM Server.ServerUDP <init>
INFO: MTL UDP Server Started
Jun 15, 2018 10:43:02 AM Server.ServerUDP <init>
SEVERE: Address already in use: Cannot bind
Jun 15, 2018 10:44:45 AM Server.DcmsServerImpl createTRecord
INFO: Teacher record created TR1 by Manager : MTL2001
Jun 15, 2018 10:45:26 AM Server.DcmsServerImpl createSRecord
INFO: Student record created SR1 by manager : MTL2001
Jun 15, 2018 10:46:28 AM Server.DcmsServerImpl editRecordForCourses
INFO: Record with SR1not found!MTL
Jun 15, 2018 10:55:10 AM Server.ServerUDP <init>
INFO: MTL UDP Server Started
Jun 15, 2018 10:55:10 AM Server.ServerUDP <init>
SEVERE: Address already in use: Cannot bind
Jun 15, 2018 10:56:51 AM Server.DcmsServerImpl createTRecord
INFO: Teacher record created TR1 by Manager : MTL5000
Jun 15, 2018 10:57:40 AM Server.DcmsServerImpl createSRecord
INFO: Student record created SR1 by manager : MTL5000
Jun 15, 2018 11:03:48 AM Server.DcmsServerImpl editRecordForCourses
INFO: MTL5000Updated the records	MTL
Jun 15, 2018 11:06:42 AM Server.ServerUDP <init>
INFO: MTL UDP Server Started
Jun 15, 2018 11:06:42 AM Server.ServerUDP <init>
SEVERE: Address already in use: Cannot bind
Jun 15, 2018 11:07:43 AM Server.DcmsServerImpl createTRecord
INFO: Teacher record created TR1 by Manager : MTL1234
Jun 15, 2018 11:08:50 AM Server.DcmsServerImpl createSRecord
INFO: Student record created SR1 by manager : MTL1234
Jun 15, 2018 11:09:37 AM Server.DcmsServerImpl createSRecord
INFO: Student record created SR1 by manager : MTL1234
Jun 15, 2018 11:46:36 AM Server.ServerUDP <init>
INFO: MTL UDP Server Started
Jun 15, 2018 11:46:37 AM Server.ServerUDP <init>
SEVERE: Address already in use: Cannot bind
Jun 15, 2018 11:47:06 AM Server.DcmsServerImpl createTRecord
INFO: Teacher record created TR1 by Manager : MTL0005
Jun 15, 2018 11:47:25 AM Server.DcmsServerImpl createTRecord
INFO: Teacher record created TR2 by Manager : MTL0005
Jun 15, 2018 11:51:28 AM Server.DcmsServerImpl createSRecord
INFO: Student record created SR1 by manager : MTL0005
Jun 15, 2018 11:52:29 AM Server.DcmsServerImpl createSRecord
INFO: Student record created SR1 by manager : MTL0005
Jun 16, 2018 5:17:45 PM Server.ServerUDP <init>
INFO: MTL UDP Server Started
Jun 16, 2018 5:20:56 PM Server.DcmsServerImpl createTRecord
INFO: Teacher record created TR1 by Manager : MTL1234
Jun 16, 2018 5:21:22 PM Server.DcmsServerImpl createSRecord
INFO: Student record created SR1 by manager : MTL1234
Jun 16, 2018 5:39:10 PM Server.ServerUDP <init>
INFO: MTL UDP Server Started
Jun 16, 2018 5:41:49 PM Server.ServerUDP <init>
INFO: MTL UDP Server Started
Jun 16, 2018 5:42:37 PM Server.DcmsServerImpl createTRecord
INFO: Teacher record created TR1 by Manager : MTL1234
Jun 16, 2018 5:43:15 PM Server.DcmsServerImpl createSRecord
INFO: Student record created SR1 by manager : MTL1234
Jun 16, 2018 5:46:25 PM Server.ServerUDP run
INFO: Received GET_RECORD_COUNT from MTL
Jun 16, 2018 5:47:39 PM Server.DcmsServerImpl transferTRRecord
INFO: MTL1234 has initiated the record transfer for the recordID: TR1 operation from localhost to DDO
Jun 16, 2018 5:47:39 PM Server.DcmsServerImpl transferTRRecord
INFO: MTL1234 has tranferred the teacher Record with recordID TR1 from MTLto DDO with recordID TR2 in DDO
Jun 16, 2018 5:49:12 PM Server.ServerUDP run
INFO: Received GET_RECORD_COUNT from MTL
Jun 16, 2018 5:52:03 PM Server.ServerUDP run
INFO: Received GET_RECORD_COUNT from MTL
Jun 16, 2018 5:53:25 PM Server.DcmsServerImpl createSRecord
INFO: Student record created SR2 by manager : LVL1234
Jun 16, 2018 5:53:35 PM Server.ServerUDP run
INFO: Received GET_RECORD_COUNT from MTL
Jun 16, 2018 5:57:40 PM Server.DcmsServerImpl transferSRRecord
INFO: MTL1234 has initiated the record transfer for the recordID: SR2 operation from localhost to MTL
Jun 16, 2018 5:59:46 PM Server.ServerUDP run
INFO: Received GET_RECORD_COUNT from MTL
Jun 16, 2018 6:01:21 PM Server.ServerUDP <init>
INFO: MTL UDP Server Started
Jun 16, 2018 6:03:00 PM Server.DcmsServerImpl createTRecord
INFO: Teacher record created TR1 by Manager : MTL1234
Jun 16, 2018 6:03:15 PM Server.DcmsServerImpl editTRRecord
INFO: MTL1234Updated the records	MTL
Jun 16, 2018 6:51:09 PM Server.ServerUDP <init>
INFO: MTL UDP Server Started
Jun 16, 2018 6:52:14 PM Server.DcmsServerImpl createTRecord
INFO: Teacher record created TR1 by Manager : MTL8005
Jun 16, 2018 7:18:35 PM Server.ServerUDP <init>
INFO: MTL UDP Server Started
Jun 16, 2018 7:31:37 PM Server.ServerUDP <init>
INFO: MTL UDP Server Started
Jun 16, 2018 7:32:19 PM Server.DcmsServerImpl createSRecord
INFO: Student record created SR1 by manager : MTL6666
Jun 16, 2018 7:33:18 PM Server.DcmsServerImpl createSRecord
INFO: Student record created SR2 by manager : MTL6666
